

Working Directory = /afs/ece.cmu.edu/usr/sbhasuth/gcd_gpdk/syn_lfsr/WORK
QoS Summary for lfsr_behavioral
==========================================================================================
Metric                          generic         map             syn_opt         final          
==========================================================================================
Slack (ps):                     5,167           4,771           4,768           4,768
  R2R (ps):                     9,161           9,046           9,046           9,046
  I2R (ps):                  no_value        no_value        no_value        no_value
  R2O (ps):                     6,831           6,355           6,324           6,324
  I2O (ps):                     5,167           4,771           4,768           4,768
  CG  (ps):                  no_value        no_value        no_value        no_value
TNS (ps):                           0               0               0               0
  R2R (ps):                         0               0               0               0
  I2R (ps):                  no_value        no_value        no_value        no_value
  R2O (ps):                         0               0               0               0
  I2O (ps):                         0               0               0               0
  CG  (ps):                  no_value        no_value        no_value        no_value
Failing Paths:                      0               0               0               0
Cell Area:                        329             251             249             249
Total Cell Area:                  329             251             249             249
Leaf Instances:                    83              71              71              71
Total Instances:                   83              71              71              71
Utilization (%):                 0.00            0.00            0.00            0.00
Tot. Net Length (um):        no_value        no_value        no_value        no_value
Avg. Net Length (um):        no_value        no_value        no_value        no_value
Route Overflow H (%):        no_value        no_value        no_value        no_value
Route Overflow V (%):        no_value        no_value        no_value        no_value
MBCI(%) (bits/gate) :            0.00            0.00            0.00            0.00
Norm Cong Hotspot Area:
  Max Cong:                  no_value        no_value        no_value        no_value
  Tot Cong:                  no_value        no_value        no_value        no_value
==========================================================================================
CPU  Runtime (h:m:s):        00:00:08        00:00:02        00:00:00        00:00:01
Real Runtime (h:m:s):        00:01:07        00:00:01        00:00:01        00:00:00
CPU  Elapsed (h:m:s):        00:00:12        00:00:14        00:00:14        00:00:15
Real Elapsed (h:m:s):        00:01:10        00:01:11        00:01:12        00:01:12
Memory (MB):                   761.73          764.19          761.19          761.19
==========================================================================================
==========================================================================================
Flow Settings:
==========================================================================================
Total Runtime (h:m:s): 00:01:10
Total Memory (MB):     761.19
Executable Version:    18.14-s037_1
==========================================================================================
Total Cell Area =  Cell Area + Physical Cell Area
Total Instances =  Leaf Instances + Physical Instances


