============================================================
  Generated by:           Genus(TM) Synthesis Solution 18.14-s037_1
  Generated on:           May 06 2020  05:59:44 pm
  Module:                 lfsr_behavioral
  Operating conditions:   PVT_0P9V_125C 
  Interconnect mode:      global
  Area mode:              physical library
============================================================


Path 1: MET (9046 ps) Setup Check with Pin lfsr_inst/shift_value_reg[0]/CK->D
          Group: C2C
     Startpoint: (R) lfsr_inst/shift_value_reg[11]/CK
          Clock: (R) clk
       Endpoint: (R) lfsr_inst/shift_value_reg[0]/D
          Clock: (R) clk

                     Capture       Launch     
        Clock Edge:+   10000            0     
       Src Latency:+       0            0     
       Net Latency:+       0 (I)        0 (I) 
           Arrival:=   10000            0     
                                              
             Setup:-     113                  
       Uncertainty:-     100                  
     Required Time:=    9787                  
      Launch Clock:-       0                  
         Data Path:-     741                  
             Slack:=    9046                  

#---------------------------------------------------------------------------------------------------------
#          Timing Point            Flags   Arc   Edge   Cell     Fanout Load Trans Delay Arrival Instance 
#                                                                       (fF)  (ps)  (ps)   (ps)  Location 
#---------------------------------------------------------------------------------------------------------
  lfsr_inst/shift_value_reg[11]/CK -       -     R     (arrival)     16    -   150     -       0    (-,-) 
  lfsr_inst/shift_value_reg[11]/Q  -       CK->Q F     DFFSRHQX1      2  2.9    84   335     335    (-,-) 
  lfsr_inst/g381__1474/Y           -       A->Y  R     XNOR2X1        1  2.0    59   236     571    (-,-) 
  lfsr_inst/g380__3772/Y           -       B->Y  R     CLKXOR2X1      1  1.9    58   170     741    (-,-) 
  lfsr_inst/shift_value_reg[0]/D   -       -     R     DFFSRHQX1      1    -     -     0     741    (-,-) 
#---------------------------------------------------------------------------------------------------------

