============================================================
  Generated by:           Genus(TM) Synthesis Solution 18.14-s037_1
  Generated on:           May 06 2020  05:59:45 pm
  Module:                 lfsr_behavioral
  Operating conditions:   PVT_0P9V_125C 
  Interconnect mode:      global
  Area mode:              physical library
============================================================


Path 1: MET (4768 ps) Late External Delay Assertion at pin prob_bit
          Group: I2O
     Startpoint: (R) probability[0]
          Clock: (R) clk
       Endpoint: (R) prob_bit
          Clock: (R) clk

                     Capture       Launch     
        Clock Edge:+   10000            0     
        Drv Adjust:+       0            0     
       Src Latency:+       0            0     
       Net Latency:+       0 (I)        0 (I) 
           Arrival:=   10000            0     
                                              
      Output Delay:-    2000                  
       Uncertainty:-     100                  
     Required Time:=    7900                  
      Launch Clock:-       0                  
       Input Delay:-    2000                  
         Data Path:-    1132                  
             Slack:=    4768                  

Exceptions/Constraints:
  input_delay              2000            chip.sdc_line_7_24_1 
  output_delay             2000            chip.sdc_line_8      

#----------------------------------------------------------------------------------------------------
#        Timing Point         Flags   Arc   Edge   Cell     Fanout Load Trans Delay Arrival Instance 
#                                                                  (fF)  (ps)  (ps)   (ps)  Location 
#----------------------------------------------------------------------------------------------------
  probability[0]              -       -     R     (arrival)      1  1.8     0     0    2000    (-,-) 
  prob_gen_inst/g6070__5266/Y -       AN->Y R     NOR2BX1        1  2.0   121   119    2119    (-,-) 
  prob_gen_inst/g6063__7675/Y -       A0->Y F     AOI22X1        1  2.0   190   205    2324    (-,-) 
  prob_gen_inst/g6062__2391/Y -       A1->Y R     OAI22X1        1  2.0   167   198    2522    (-,-) 
  prob_gen_inst/g6061__2900/Y -       B1->Y F     AOI222X1       1  1.8   221   221    2743    (-,-) 
  prob_gen_inst/g6060__6877/Y -       D->Y  F     OR4X1          1  1.9    82   310    3053    (-,-) 
  prob_gen_inst/g6059__1309/Y -       C0->Y R     OAI211X1       1  1.6   130    79    3132    (-,-) 
  prob_bit                    -       -     R     (port)         -    -     -     0    3132    (-,-) 
#----------------------------------------------------------------------------------------------------

