  =================
   Message Summary
  =================
-----------------------------------------------------------------------------------------------------------------------------
|     Id     |  Sev   |Count |                                        Message Text                                          |
-----------------------------------------------------------------------------------------------------------------------------
| CDFG-360   |Warning |    1 |Referenced signal not in sensitivity list.  This may cause simulation mismatches between the  |
|            |        |      | original and synthesized designs.                                                            |
| CDFG-372   |Info    |    3 |Bitwidth mismatch in assignment.                                                              |
| CDFG-373   |Info    |    1 |Sign mismatch in assignment.                                                                  |
| CDFG-464   |Warning |    1 |Connected signal is wider than module port.                                                   |
|            |        |      |This may cause simulation mismatches between the original and synthesized designs.            |
| CDFG-818   |Warning |    1 |Using default parameter value for module elaboration.                                         |
| CDFG2G-608 |Warning |    1 |Accessed non-constant signal during asynchronous set or reset operation.                      |
|            |        |      |This may cause simulation mismatches between the original and synthesized designs.            |
| CFM-1      |Info    |    2 |Wrote dofile.                                                                                 |
| CFM-5      |Info    |    1 |Wrote formal verification information.                                                        |
| DPOPT-1    |Info    |    1 |Optimizing datapath logic.                                                                    |
| DPOPT-2    |Info    |    1 |Done optimizing datapath logic.                                                               |
| DPOPT-3    |Info    |    2 |Implementing datapath configurations.                                                         |
| DPOPT-4    |Info    |    2 |Done implementing datapath configurations.                                                    |
| DPOPT-6    |Info    |    1 |Pre-processed datapath logic.                                                                 |
| ELAB-1     |Info    |    1 |Elaborating Design.                                                                           |
| ELAB-2     |Info    |    2 |Elaborating Subdesign.                                                                        |
| ELAB-3     |Info    |    1 |Done Elaborating Design.                                                                      |
| GLO-34     |Info    |    1 |Deleting instances not driving any primary outputs.                                           |
|            |        |      |Optimizations such as constant propagation or redundancy removal could change the connections |
|            |        |      | so a hierarchical instance does not drive any primary outputs anymore. To see the list of    |
|            |        |      | deleted hierarchical instances, set the 'information_level' attribute to 2 or above. If the  |
|            |        |      | message is truncated set the message attribute 'truncate' to false to see the complete list. |
|            |        |      | To prevent this optimization, set the 'delete_unloaded_insts' root/subdesign attribute to    |
|            |        |      | 'false' or 'preserve' instance attribute to 'true'.                                          |
| LBR-155    |Info    |   10 |Mismatch in unateness between 'timing_sense' attribute and the function.                      |
|            |        |      |The 'timing_sense' attribute will be respected.                                               |
| LBR-161    |Info    |    1 |Setting the maximum print count of this message to 10 if information_level is less than 9.    |
| LBR-162    |Info    |   20 |Both 'pos_unate' and 'neg_unate' timing_sense arcs have been processed.                       |
|            |        |      |Setting the 'timing_sense' to non_unate.                                                      |
| LBR-38     |Warning |    1 |Libraries have inconsistent nominal operating conditions.                                     |
|            |        |      |This is a common source of delay calculation confusion and is strongly discouraged.           |
| LBR-41     |Info    |    1 |An output library pin lacks a function attribute.                                             |
|            |        |      |If the remainder of this library cell's semantic checks are successful, it will be considered |
|            |        |      | as a timing-model (because one of its outputs does not have a valid function.                |
| LBR-412    |Info    |    2 |Created nominal operating condition.                                                          |
|            |        |      |The nominal operating condition represents either the nominal PVT values if specified in the  |
|            |        |      | library source, or the default PVT values (1.0, 1.0, 1.0).                                   |
| LBR-518    |Info    |    1 |Missing a function attribute in the output pin definition.                                    |
| LBR-704    |Warning |    4 |Missing voltage_map in the library.                                                           |
| LBR-9      |Warning |   20 |Library cell has no output pins defined.                                                      |
|            |        |      |Add the missing output pin(s)                                                                 |
|            |        |      | , then reload the library. Otherwise, the library cell will be marked as unusable and as     |
|            |        |      | timing model.                                                                                |
| PHYS-127   |Info    |   17 |Macro with non-zero origin.                                                                   |
| PHYS-129   |Info    |  119 |Via with no resistance will have a value of '0.0' assigned.                                   |
| PHYS-2381  |Warning |   72 |Multiple ports are found on a pin without MUSTJOINALLPORTS in the pin property.               |
|            |        |      |This means that only one port would be connected, which may not be the expected behavior.     |
|            |        |      | Should consider adding MUSTJOINALLPORTS property.                                            |
| PHYS-752   |Info    |    2 |Partition Based Synthesis execution skipped.                                                  |
| POPT-51    |Info    |    2 |Could not declone clock-gating instances.                                                     |
|            |        |      |The design should have 2 or more clock-gating instances for decloning.                        |
| RPT_DP-100 |Warning |    3 |The filename, column and line number information will not be available in the report.         |
|            |        |      |You must set the 'hdl_track_filename_row_col' attribute to 'true' (before elaborate)          |
|            |        |      | to enable filename, column, and line number tracking in the datapath report.                 |
| SYNTH-1    |Info    |    1 |Synthesizing.                                                                                 |
| SYNTH-2    |Info    |    1 |Done synthesizing.                                                                            |
| SYNTH-4    |Info    |    1 |Mapping.                                                                                      |
| SYNTH-5    |Info    |    1 |Done mapping.                                                                                 |
| SYNTH-7    |Info    |    1 |Incrementally optimizing.                                                                     |
| SYNTH-8    |Info    |    1 |Done incrementally optimizing.                                                                |
| TIM-11     |Warning |   18 |Possible timing problems have been detected in this design.                                   |
|            |        |      |Use 'report timing -lint' for more information.                                               |
-----------------------------------------------------------------------------------------------------------------------------
