============================================================
  Generated by:           Genus(TM) Synthesis Solution 18.14-s037_1
  Generated on:           May 06 2020  05:59:44 pm
  Module:                 lfsr_behavioral
  Operating conditions:   PVT_0P9V_125C 
  Interconnect mode:      global
  Area mode:              physical library
============================================================

Timing
--------

Clock  Period 
--------------
clk   10000.0 


  Cost    Critical         Violating 
 Group   Path Slack  TNS     Paths   
-------------------------------------
C2C          9046.0   0.0          0 
C2O          6355.2   0.0          0 
clk        No paths   0.0            
default    No paths   0.0            
I2C        No paths   0.0            
I2O          4770.6   0.0          0 
-------------------------------------
Total                 0.0          0 

Instance Count
--------------
Leaf Instance Count             71 
Physical Instance count          0 
Sequential Instance Count       16 
Combinational Instance Count    55 
Hierarchical Instance Count      2 

Area
----
Cell Area                          251.028
Physical Cell Area                 0.000
Total Cell Area (Cell+Physical)    251.028
Net Area                           71.975
Total Area (Cell+Physical+Net)     323.003

Runtime                            0.0 seconds
Elapsed Runtime                    102 seconds
Genus peak memory usage            764.19 
Innovus peak memory usage          no_value 
Hostname                           ECE000.ece.local.cmu.edu
