============================================================
  Generated by:           Genus(TM) Synthesis Solution 18.14-s037_1
  Generated on:           May 06 2020  05:59:45 pm
  Module:                 lfsr_behavioral
  Operating conditions:   PVT_0P9V_125C 
  Interconnect mode:      global
  Area mode:              physical library
============================================================

                                Leakage  
   Gate    Instances   Area   Power (nW)     Library    
--------------------------------------------------------
AOI222X1           1    3.078      0.054    slow_vdd1v0 
AOI22X1            1    2.052      0.043    slow_vdd1v0 
CLKXOR2X1          1    2.736      0.061    slow_vdd1v0 
DFFSRHQX1         16  175.104      2.545    slow_vdd1v0 
INVX1              6    4.104      0.125    slow_vdd1v0 
INVX2              1    1.026      0.043    slow_vdd1v0 
NAND2BXL           1    1.368      0.024    slow_vdd1v0 
NAND2XL           15   15.390      0.199    slow_vdd1v0 
NOR2BX1            4    5.472      0.148    slow_vdd1v0 
NOR2X1             1    1.026      0.024    slow_vdd1v0 
OAI211X1           1    1.710      0.045    slow_vdd1v0 
OAI22X1            1    2.052      0.044    slow_vdd1v0 
OR2X1              2    2.736      0.069    slow_vdd1v0 
OR2XL             16   21.888      0.380    slow_vdd1v0 
OR3X1              1    2.052      0.036    slow_vdd1v0 
OR4X1              1    2.052      0.045    slow_vdd1v0 
XNOR2X1            2    4.788      0.127    slow_vdd1v0 
--------------------------------------------------------
total             71  248.634      4.012                


                                          Leakage  Leakage 
     Type      Instances   Area  Area % Power (nW) Power % 
-----------------------------------------------------------
sequential            16 175.104   70.4      2.545    63.4 
inverter               7   5.130    2.1      0.169     4.2 
logic                 48  68.400   27.5      1.299    32.4 
physical_cells         0   0.000    0.0      0.000     0.0 
-----------------------------------------------------------
total                 71 248.634  100.0      4.012   100.0 

