============================================================
  Generated by:           Genus(TM) Synthesis Solution 18.14-s037_1
  Generated on:           Apr 30 2020  02:27:13 pm
  Module:                 comp_pulse
  Operating conditions:   PVT_0P9V_125C 
  Interconnect mode:      global
  Area mode:              physical library
============================================================


Path 1: MET (5029 ps) Late External Delay Assertion at pin prob[0]
          Group: I2O
     Startpoint: (R) y_pulse
          Clock: (R) clk
       Endpoint: (R) prob[0]
          Clock: (R) clk

                     Capture       Launch     
        Clock Edge:+   10000            0     
        Drv Adjust:+       0            0     
       Src Latency:+       0            0     
       Net Latency:+       0 (I)        0 (I) 
           Arrival:=   10000            0     
                                              
      Output Delay:-    2000                  
       Uncertainty:-     100                  
     Required Time:=    7900                  
      Launch Clock:-       0                  
       Input Delay:-    2000                  
         Data Path:-     871                  
             Slack:=    5029                  

Exceptions/Constraints:
  input_delay              2000            chip.sdc_line_7_1_1  
  output_delay             2000            chip.sdc_line_8_36_1 

#---------------------------------------------------------------------------------------
# Timing Point   Flags   Arc   Edge   Cell     Fanout Load Trans Delay Arrival Instance 
#                                                     (fF)  (ps)  (ps)   (ps)  Location 
#---------------------------------------------------------------------------------------
  y_pulse        -       -     R     (arrival)      2  3.6     0     0    2000    (-,-) 
  g1452__3772/Y  -       B->Y  F     NAND2BX1       3  4.5   268   163    2163    (-,-) 
  g1451__4296/Y  -       B0->Y R     AOI2BB1X2      8 10.1   264   291    2455    (-,-) 
  g1440__6083/Y  -       A1->Y F     AOI22X1        1  1.9   200   273    2728    (-,-) 
  g1425__9682/Y  -       B->Y  R     NAND2X1        1  1.6    82   143    2871    (-,-) 
  prob[0]        -       -     R     (port)         -    -     -     0    2871    (-,-) 
#---------------------------------------------------------------------------------------

