============================================================
  Generated by:           Genus(TM) Synthesis Solution 18.14-s037_1
  Generated on:           Apr 30 2020  02:27:11 pm
  Module:                 comp_pulse
  Operating conditions:   PVT_0P9V_125C 
  Interconnect mode:      global
  Area mode:              physical library
============================================================


Path 1: MET (6509 ps) Late External Delay Assertion at pin prob[0]
          Group: C2O
     Startpoint: (R) reg_state/q_reg[1]/CK
          Clock: (R) clk
       Endpoint: (R) prob[0]
          Clock: (R) clk

                     Capture       Launch     
        Clock Edge:+   10000            0     
       Src Latency:+       0            0     
       Net Latency:+       0 (I)        0 (I) 
           Arrival:=   10000            0     
                                              
      Output Delay:-    2000                  
       Uncertainty:-     100                  
     Required Time:=    7900                  
      Launch Clock:-       0                  
         Data Path:-    1391                  
             Slack:=    6509                  

Exceptions/Constraints:
  output_delay             2000            chip.sdc_line_8_36_1 

#----------------------------------------------------------------------------------------------
#     Timing Point      Flags   Arc   Edge   Cell     Fanout Load Trans Delay Arrival Instance 
#                                                            (fF)  (ps)  (ps)   (ps)  Location 
#----------------------------------------------------------------------------------------------
  reg_state/q_reg[1]/CK -       -     R     (arrival)      2    -   150     -       0    (-,-) 
  reg_state/q_reg[1]/Q  -       CK->Q R     DFFRHQX1       4  5.2   121   363     363    (-,-) 
  g1454__4547/Y         -       AN->Y R     NOR2BX1        2  3.0   170   202     566    (-,-) 
  g1449__9906/Y         -       B->Y  F     NAND2BX1       1  2.3   171   192     757    (-,-) 
  g1445__1840/Y         -       B->Y  R     NOR2X2         7  9.1   242   220     977    (-,-) 
  g1430__2391/Y         -       A1->Y F     AOI22X1        1  2.0   203   264    1242    (-,-) 
  g1425__9682/Y         -       A->Y  R     NAND2X1        1  1.6    82   149    1391    (-,-) 
  prob[0]               -       -     R     (port)         -    -     -     0    1391    (-,-) 
#----------------------------------------------------------------------------------------------

