

Working Directory = /afs/ece.cmu.edu/usr/sbhasuth/gcd_gpdk/syn/WORK
QoS Summary for comp_pulse
==========================================================================================
Metric                          generic         map             syn_opt         final          
==========================================================================================
Slack (ps):                     5,509           5,029           5,029           5,029
  R2R (ps):                     9,144           8,623           8,720           8,720
  I2R (ps):                     7,489           7,244           7,244           7,244
  R2O (ps):                     7,100           6,509           6,509           6,509
  I2O (ps):                     5,509           5,029           5,029           5,029
  CG  (ps):                  no_value        no_value        no_value        no_value
TNS (ps):                           0               0               0               0
  R2R (ps):                         0               0               0               0
  I2R (ps):                         0               0               0               0
  R2O (ps):                         0               0               0               0
  I2O (ps):                         0               0               0               0
  CG  (ps):                  no_value        no_value        no_value        no_value
Failing Paths:                      0               0               0               0
Cell Area:                        205              73              71              71
Total Cell Area:                  205              73              71              71
Leaf Instances:                    70              37              36              36
Total Instances:                   70              37              36              36
Utilization (%):                 0.00            0.00            0.00            0.00
Tot. Net Length (um):        no_value        no_value        no_value        no_value
Avg. Net Length (um):        no_value        no_value        no_value        no_value
Route Overflow H (%):        no_value        no_value        no_value        no_value
Route Overflow V (%):        no_value        no_value        no_value        no_value
MBCI(%) (bits/gate) :            0.00            0.00            0.00            0.00
Norm Cong Hotspot Area:
  Max Cong:                  no_value        no_value        no_value        no_value
  Tot Cong:                  no_value        no_value        no_value        no_value
==========================================================================================
CPU  Runtime (h:m:s):        00:00:09        00:00:02        00:00:01        00:00:01
Real Runtime (h:m:s):        00:00:10        00:00:03        00:00:01        00:00:01
CPU  Elapsed (h:m:s):        00:00:15        00:00:17        00:00:18        00:00:19
Real Elapsed (h:m:s):        00:00:12        00:00:15        00:00:16        00:00:17
Memory (MB):                   730.89          730.53          726.53          726.53
==========================================================================================
==========================================================================================
Flow Settings:
==========================================================================================
Total Runtime (h:m:s): 00:00:15
Total Memory (MB):     726.53
Executable Version:    18.14-s037_1
==========================================================================================
Total Cell Area =  Cell Area + Physical Cell Area
Total Instances =  Leaf Instances + Physical Instances


