============================================================
  Generated by:           Genus(TM) Synthesis Solution 18.14-s037_1
  Generated on:           Apr 30 2020  02:27:08 pm
  Module:                 comp_pulse
  Operating conditions:   PVT_0P9V_125C 
  Interconnect mode:      global
  Area mode:              physical library
============================================================

Timing
--------

Clock  Period 
--------------
clk   10000.0 


  Cost    Critical         Violating 
 Group   Path Slack  TNS     Paths   
-------------------------------------
C2C          9144.2   0.0          0 
C2O          7100.2   0.0          0 
clk        No paths   0.0            
default    No paths   0.0            
I2C          7488.8   0.0          0 
I2O          5508.6   0.0          0 
-------------------------------------
Total                 0.0          0 

Instance Count
--------------
Leaf Instance Count             70 
Physical Instance count          0 
Sequential Instance Count        2 
Combinational Instance Count    68 
Hierarchical Instance Count      1 

Area
----
Cell Area                          198.969
Physical Cell Area                 0.000
Total Cell Area (Cell+Physical)    198.969
Net Area                           5.930
Total Area (Cell+Physical+Net)     204.899

Runtime                            0.0 seconds
Elapsed Runtime                    16 seconds
Genus peak memory usage            730.89 
Innovus peak memory usage          no_value 
Hostname                           ECE-GUI-002.ece.local.cmu.edu
