============================================================
  Generated by:           Genus(TM) Synthesis Solution 18.14-s037_1
  Generated on:           Apr 30 2020  02:27:11 pm
  Module:                 comp_pulse
  Operating conditions:   PVT_0P9V_125C 
  Interconnect mode:      global
  Area mode:              physical library
============================================================

                               Leakage  
   Gate    Instances   Area  Power (nW)     Library    
-------------------------------------------------------
AND2X1             1   1.368      0.031    slow_vdd1v0 
AOI22X1           14  28.728      0.620    slow_vdd1v0 
AOI2BB1X2          1   3.078      0.047    slow_vdd1v0 
BUFX2              1   1.710      0.055    slow_vdd1v0 
DFFRHQX1           2  12.312      0.279    slow_vdd1v0 
MX2X1              1   2.394      0.053    slow_vdd1v0 
NAND2BX1           3   4.104      0.100    slow_vdd1v0 
NAND2X1            8   8.208      0.307    slow_vdd1v0 
NAND3BX1           1   2.052      0.044    slow_vdd1v0 
NOR2BX1            1   1.368      0.037    slow_vdd1v0 
NOR2BX2            1   2.736      0.043    slow_vdd1v0 
NOR2X2             1   1.710      0.030    slow_vdd1v0 
NOR3BX1            1   2.052      0.033    slow_vdd1v0 
OR2X1              1   1.368      0.040    slow_vdd1v0 
-------------------------------------------------------
total             37  73.188      1.720                


                                         Leakage  Leakage 
     Type      Instances  Area  Area % Power (nW) Power % 
----------------------------------------------------------
sequential             2 12.312   16.8      0.279    16.2 
buffer                 1  1.710    2.3      0.055     3.2 
logic                 34 59.166   80.8      1.386    80.6 
physical_cells         0  0.000    0.0      0.000     0.0 
----------------------------------------------------------
total                 37 73.188  100.0      1.720   100.0 

