============================================================
  Generated by:           Genus(TM) Synthesis Solution 18.14-s037_1
  Generated on:           Apr 30 2020  02:27:12 pm
  Module:                 comp_pulse
  Operating conditions:   PVT_0P9V_125C 
  Interconnect mode:      global
  Area mode:              physical library
============================================================

Timing
--------

Clock  Period 
--------------
clk   10000.0 


  Cost    Critical         Violating 
 Group   Path Slack  TNS     Paths   
-------------------------------------
C2C          8719.5   0.0          0 
C2O          6509.2   0.0          0 
clk        No paths   0.0            
default    No paths   0.0            
I2C          7243.6   0.0          0 
I2O          5028.7   0.0          0 
-------------------------------------
Total                 0.0          0 

Instance Count
--------------
Leaf Instance Count             36 
Physical Instance count          0 
Sequential Instance Count        2 
Combinational Instance Count    34 
Hierarchical Instance Count      1 

Area
----
Cell Area                          71.478
Physical Cell Area                 0.000
Total Cell Area (Cell+Physical)    71.478
Net Area                           65.190
Total Area (Cell+Physical+Net)     136.668

Runtime                            0.0 seconds
Elapsed Runtime                    20 seconds
Genus peak memory usage            726.53 
Innovus peak memory usage          no_value 
Hostname                           ECE-GUI-002.ece.local.cmu.edu
