============================================================
  Generated by:           Genus(TM) Synthesis Solution 18.14-s037_1
  Generated on:           Apr 30 2020  02:24:39 pm
  Module:                 comp_pulse_another_design
  Operating conditions:   PVT_0P9V_125C 
  Interconnect mode:      global
  Area mode:              physical library
============================================================

Timing
-------
  Cost    Critical         Violating 
 Group   Path Slack  TNS     Paths   
-------------------------------------
C2C        No paths   0.0            
C2O        No paths   0.0            
default    No paths   0.0            
I2C        No paths   0.0            
I2O        No paths   0.0            
-------------------------------------
Total                 0.0          0 

Instance Count
--------------
Leaf Instance Count             32 
Physical Instance count          0 
Sequential Instance Count        3 
Combinational Instance Count    29 
Hierarchical Instance Count      4 

Area
----
Cell Area                          67.374
Physical Cell Area                 0.000
Total Cell Area (Cell+Physical)    67.374
Net Area                           55.649
Total Area (Cell+Physical+Net)     123.023

Runtime                            0.0 seconds
Elapsed Runtime                    21 seconds
Genus peak memory usage            727.19 
Innovus peak memory usage          no_value 
Hostname                           ECE-GUI-002.ece.local.cmu.edu
