============================================================
  Generated by:           Genus(TM) Synthesis Solution 18.14-s037_1
  Generated on:           Apr 30 2020  02:24:36 pm
  Module:                 comp_pulse_another_design
  Operating conditions:   PVT_0P9V_125C 
  Interconnect mode:      global
  Area mode:              physical library
============================================================

Timing
-------
  Cost    Critical         Violating 
 Group   Path Slack  TNS     Paths   
-------------------------------------
C2C        No paths   0.0            
C2O        No paths   0.0            
default    No paths   0.0            
I2C        No paths   0.0            
I2O        No paths   0.0            
-------------------------------------
Total                 0.0          0 

Instance Count
--------------
Leaf Instance Count             62 
Physical Instance count          0 
Sequential Instance Count        3 
Combinational Instance Count    59 
Hierarchical Instance Count      4 

Area
----
Cell Area                          182.945
Physical Cell Area                 0.000
Total Cell Area (Cell+Physical)    182.945
Net Area                           5.930
Total Area (Cell+Physical+Net)     188.875

Runtime                            0.0 seconds
Elapsed Runtime                    17 seconds
Genus peak memory usage            731.73 
Innovus peak memory usage          no_value 
Hostname                           ECE-GUI-002.ece.local.cmu.edu
