============================================================
  Generated by:           Genus(TM) Synthesis Solution 18.14-s037_1
  Generated on:           Apr 30 2020  02:24:38 pm
  Module:                 comp_pulse_another_design
  Operating conditions:   PVT_0P9V_125C 
  Interconnect mode:      global
  Area mode:              physical library
============================================================

                              Leakage  
  Gate    Instances   Area  Power (nW)     Library    
------------------------------------------------------
AOI22XL          14  28.728      0.310    slow_vdd1v0 
DFFRHQX1          3  18.468      0.404    slow_vdd1v0 
NAND2BXL          2   2.736      0.048    slow_vdd1v0 
NAND2X1           1   1.026      0.026    slow_vdd1v0 
NAND2XL           7   7.182      0.133    slow_vdd1v0 
NOR2BX2           1   2.736      0.060    slow_vdd1v0 
NOR2X2            3   5.130      0.142    slow_vdd1v0 
OR2X1             1   1.368      0.039    slow_vdd1v0 
------------------------------------------------------
total            32  67.374      1.162                


                                         Leakage  Leakage 
     Type      Instances  Area  Area % Power (nW) Power % 
----------------------------------------------------------
sequential             3 18.468   27.4      0.404    34.7 
logic                 29 48.906   72.6      0.759    65.3 
physical_cells         0  0.000    0.0      0.000     0.0 
----------------------------------------------------------
total                 32 67.374  100.0      1.162   100.0 

