============================================================
  Generated by:           Genus(TM) Synthesis Solution 18.14-s037_1
  Generated on:           Apr 30 2020  02:22:29 pm
  Module:                 comp_edge
  Operating conditions:   PVT_0P9V_125C 
  Interconnect mode:      global
  Area mode:              physical library
============================================================

                              Leakage  
  Gate    Instances   Area  Power (nW)     Library    
------------------------------------------------------
AOI22XL          14  28.728      0.308    slow_vdd1v0 
DFFRHQX1          1   6.156      0.135    slow_vdd1v0 
NAND2BXL          2   2.736      0.048    slow_vdd1v0 
NAND2X1           1   1.026      0.026    slow_vdd1v0 
NAND2XL           7   7.182      0.138    slow_vdd1v0 
NOR2BX2           1   2.736      0.056    slow_vdd1v0 
NOR2X2            3   5.130      0.135    slow_vdd1v0 
OR2X1             1   1.368      0.040    slow_vdd1v0 
------------------------------------------------------
total            30  55.062      0.885                


                                         Leakage  Leakage 
     Type      Instances  Area  Area % Power (nW) Power % 
----------------------------------------------------------
sequential             1  6.156   11.2      0.135    15.2 
logic                 29 48.906   88.8      0.750    84.8 
physical_cells         0  0.000    0.0      0.000     0.0 
----------------------------------------------------------
total                 30 55.062  100.0      0.885   100.0 

