============================================================
  Generated by:           Genus(TM) Synthesis Solution 18.14-s037_1
  Generated on:           Apr 30 2020  02:22:25 pm
  Module:                 comp_edge
  Operating conditions:   PVT_0P9V_125C 
  Interconnect mode:      global
  Area mode:              physical library
============================================================

Timing
-------
  Cost    Critical         Violating 
 Group   Path Slack  TNS     Paths   
-------------------------------------
C2C        No paths   0.0            
C2O        No paths   0.0            
default    No paths   0.0            
I2C        No paths   0.0            
I2O        No paths   0.0            
-------------------------------------
Total                 0.0          0 

Instance Count
--------------
Leaf Instance Count             59 
Physical Instance count          0 
Sequential Instance Count        1 
Combinational Instance Count    58 
Hierarchical Instance Count      2 

Area
----
Cell Area                          162.914
Physical Cell Area                 0.000
Total Cell Area (Cell+Physical)    162.914
Net Area                           5.930
Total Area (Cell+Physical+Net)     168.844

Runtime                            0.0 seconds
Elapsed Runtime                    30 seconds
Genus peak memory usage            721.09 
Innovus peak memory usage          no_value 
Hostname                           ECE-GUI-002.ece.local.cmu.edu
